[DESKTOP-JH7M7TD] [2024-09-24 02:28:13 KST] [INFO ] [telegramExecutor-1] c.j.m.s.thirdparty.TelegramService:30 - [TODO: 실제전송시켜야함 ! ] message: 로그인 완료 : 벌레벌레123 -- 
[DESKTOP-JH7M7TD] [2024-09-24 02:29:43 KST] [INFO ] [main] c.jojo.my_letter.MyLetterApplication:50 - Starting MyLetterApplication using Java 17.0.2 with PID 7852 (C:\study\my_letter\target\classes started by my_sg in C:\study\my_letter) -- 
[DESKTOP-JH7M7TD] [2024-09-24 02:29:43 KST] [INFO ] [main] c.jojo.my_letter.MyLetterApplication:654 - No active profile set, falling back to 1 default profile: "default" -- 
[DESKTOP-JH7M7TD] [2024-09-24 02:29:45 KST] [INFO ] [main] c.jojo.my_letter.MyLetterApplication:56 - Started MyLetterApplication in 2.235 seconds (process running for 2.843) -- 
[DESKTOP-JH7M7TD] [2024-09-24 02:30:15 KST] [INFO ] [main] c.jojo.my_letter.MyLetterApplication:50 - Starting MyLetterApplication using Java 17.0.2 with PID 14552 (C:\study\my_letter\target\classes started by my_sg in C:\study\my_letter) -- 
[DESKTOP-JH7M7TD] [2024-09-24 02:30:15 KST] [INFO ] [main] c.jojo.my_letter.MyLetterApplication:654 - No active profile set, falling back to 1 default profile: "default" -- 
[DESKTOP-JH7M7TD] [2024-09-24 02:30:17 KST] [INFO ] [main] c.jojo.my_letter.MyLetterApplication:56 - Started MyLetterApplication in 2.085 seconds (process running for 2.686) -- 
[DESKTOP-JH7M7TD] [2024-09-24 02:32:41 KST] [INFO ] [main] c.jojo.my_letter.MyLetterApplication:50 - Starting MyLetterApplication using Java 17.0.2 with PID 25372 (C:\study\my_letter\target\classes started by my_sg in C:\study\my_letter) -- 
[DESKTOP-JH7M7TD] [2024-09-24 02:32:41 KST] [INFO ] [main] c.jojo.my_letter.MyLetterApplication:654 - No active profile set, falling back to 1 default profile: "default" -- 
[DESKTOP-JH7M7TD] [2024-09-24 02:32:43 KST] [INFO ] [main] c.jojo.my_letter.MyLetterApplication:56 - Started MyLetterApplication in 2.265 seconds (process running for 3.044) -- 
[DESKTOP-JH7M7TD] [2024-09-24 02:33:10 KST] [INFO ] [main] c.jojo.my_letter.MyLetterApplication:50 - Starting MyLetterApplication using Java 17.0.2 with PID 7352 (C:\study\my_letter\target\classes started by my_sg in C:\study\my_letter) -- 
[DESKTOP-JH7M7TD] [2024-09-24 02:33:10 KST] [INFO ] [main] c.jojo.my_letter.MyLetterApplication:654 - No active profile set, falling back to 1 default profile: "default" -- 
[DESKTOP-JH7M7TD] [2024-09-24 02:33:13 KST] [INFO ] [main] c.jojo.my_letter.MyLetterApplication:56 - Started MyLetterApplication in 2.51 seconds (process running for 3.183) -- 
[DESKTOP-JH7M7TD] [2024-09-24 02:34:37 KST] [INFO ] [main] c.jojo.my_letter.MyLetterApplication:50 - Starting MyLetterApplication using Java 17.0.2 with PID 26232 (C:\study\my_letter\target\classes started by my_sg in C:\study\my_letter) -- 
[DESKTOP-JH7M7TD] [2024-09-24 02:34:37 KST] [INFO ] [main] c.jojo.my_letter.MyLetterApplication:654 - No active profile set, falling back to 1 default profile: "default" -- 
[DESKTOP-JH7M7TD] [2024-09-24 02:34:39 KST] [INFO ] [main] c.jojo.my_letter.MyLetterApplication:56 - Started MyLetterApplication in 2.601 seconds (process running for 3.266) -- 
[DESKTOP-JH7M7TD] [2024-09-24 02:39:03 KST] [INFO ] [main] c.jojo.my_letter.MyLetterApplication:50 - Starting MyLetterApplication using Java 17.0.2 with PID 13320 (C:\study\my_letter\target\classes started by my_sg in C:\study\my_letter) -- 
[DESKTOP-JH7M7TD] [2024-09-24 02:39:03 KST] [INFO ] [main] c.jojo.my_letter.MyLetterApplication:654 - No active profile set, falling back to 1 default profile: "default" -- 
[DESKTOP-JH7M7TD] [2024-09-24 02:39:05 KST] [INFO ] [main] c.jojo.my_letter.MyLetterApplication:56 - Started MyLetterApplication in 2.117 seconds (process running for 2.701) -- 
[DESKTOP-JH7M7TD] [2024-09-24 02:39:43 KST] [ERROR] [http-nio-8080-exec-9] c.j.m.e.GlobalExceptionHandler:39 - No static resource images/upload/be96ec7c-4d8f-4c9e-a698-47c41342d296.png. -- 
[DESKTOP-JH7M7TD] [2024-09-24 02:40:19 KST] [INFO ] [main] c.jojo.my_letter.MyLetterApplication:50 - Starting MyLetterApplication using Java 17.0.2 with PID 5228 (C:\study\my_letter\target\classes started by my_sg in C:\study\my_letter) -- 
[DESKTOP-JH7M7TD] [2024-09-24 02:40:19 KST] [INFO ] [main] c.jojo.my_letter.MyLetterApplication:654 - No active profile set, falling back to 1 default profile: "default" -- 
[DESKTOP-JH7M7TD] [2024-09-24 02:40:20 KST] [INFO ] [main] c.jojo.my_letter.MyLetterApplication:56 - Started MyLetterApplication in 2.087 seconds (process running for 2.75) -- 
[DESKTOP-JH7M7TD] [2024-09-24 02:40:29 KST] [ERROR] [http-nio-8080-exec-9] c.j.m.e.GlobalExceptionHandler:39 - No static resource images/upload/25647622-3eb8-4ded-976b-1deaea4812d4.png. -- 
[DESKTOP-JH7M7TD] [2024-09-24 02:45:01 KST] [INFO ] [main] c.jojo.my_letter.MyLetterApplication:50 - Starting MyLetterApplication using Java 17.0.2 with PID 19988 (C:\study\my_letter\target\classes started by my_sg in C:\study\my_letter) -- 
[DESKTOP-JH7M7TD] [2024-09-24 02:45:01 KST] [INFO ] [main] c.jojo.my_letter.MyLetterApplication:654 - No active profile set, falling back to 1 default profile: "default" -- 
[DESKTOP-JH7M7TD] [2024-09-24 02:45:03 KST] [INFO ] [main] c.jojo.my_letter.MyLetterApplication:56 - Started MyLetterApplication in 2.218 seconds (process running for 2.798) -- 
[DESKTOP-JH7M7TD] [2024-09-24 03:07:45 KST] [INFO ] [main] c.jojo.my_letter.MyLetterApplication:50 - Starting MyLetterApplication using Java 17.0.2 with PID 24328 (C:\study\my_letter\target\classes started by my_sg in C:\study\my_letter) -- 
[DESKTOP-JH7M7TD] [2024-09-24 03:07:45 KST] [INFO ] [main] c.jojo.my_letter.MyLetterApplication:654 - No active profile set, falling back to 1 default profile: "default" -- 
[DESKTOP-JH7M7TD] [2024-09-24 03:07:47 KST] [INFO ] [main] c.jojo.my_letter.MyLetterApplication:56 - Started MyLetterApplication in 2.166 seconds (process running for 2.829) -- 
